[19:43:14] [ServerMain/INFO]: Environment: Environment[sessionHost=https://sessionserver.mojang.com, servicesHost=https://api.minecraftservices.com, name=PROD]
[19:43:15] [ServerMain/INFO]: Loaded 1337 recipes
[19:43:15] [Server thread/INFO]: Starting minecraft server version 1.21.3
[19:43:15] [Server thread/INFO]: Loading properties
[19:43:15] [Server thread/INFO]: This server is running CraftBukkit version 4392-Spigot-60c9969-f282231 (MC: 1.21.3) (Implementing API version 1.21.3-R0.1-SNAPSHOT)
[19:43:16] [Server thread/INFO]: *** This version of Spigot contains changes to some enums. If you notice that plugins no longer work after updating, please report this to the developers of those plugins first. ***
[19:43:16] [Server thread/INFO]: *** If you cannot update those plugins, you can try setting `settings.compatibility.enum-compatibility-mode` to `true` in `bukkit.yml`. ***
[19:43:16] [Server thread/INFO]: Debug logging is disabled
[19:43:16] [Server thread/INFO]: Server Ping Player Sample Count: 12
[19:43:16] [Server thread/INFO]: Using 4 threads for Netty based IO
[19:43:16] [Server thread/INFO]: Default game type: SURVIVAL
[19:43:16] [Server thread/INFO]: Generating keypair
[19:43:16] [Server thread/INFO]: Starting Minecraft server on *:25565
[19:43:16] [Server thread/INFO]: Using default channel type
[19:43:17] [Server thread/INFO]: [WorldEdit] Loading WorldEdit v7.3.9+6959-7adf70b
[19:43:17] [Server thread/INFO]: Got request to register class com.sk89q.worldedit.bukkit.BukkitServerInterface with WorldEdit [com.sk89q.worldedit.extension.platform.PlatformManager@583930c9]
[19:43:17] [Server thread/INFO]: [WorldEdit] Enabling WorldEdit v7.3.9+6959-7adf70b
[19:43:17] [Server thread/INFO]: Registering commands with com.sk89q.worldedit.bukkit.BukkitServerInterface
[19:43:17] [Server thread/INFO]: WEPIF: Using the Bukkit Permissions API.
[19:43:17] [Server thread/INFO]: Using com.sk89q.worldedit.bukkit.adapter.impl.v1_21_3.PaperweightAdapter as the Bukkit adapter
[19:43:19] [Server thread/INFO]: [WorldEdit] ====================================================
[19:43:19] [Server thread/INFO]: [WorldEdit]  WorldEdit works better if you use Paper 
[19:43:19] [Server thread/INFO]: [WorldEdit]  as your server software. 
[19:43:19] [Server thread/INFO]: [WorldEdit]   
[19:43:19] [Server thread/INFO]: [WorldEdit]  Paper offers significant performance improvements,
[19:43:19] [Server thread/INFO]: [WorldEdit]  bug fixes, security enhancements and optional
[19:43:19] [Server thread/INFO]: [WorldEdit]  features for server owners to enhance their server.
[19:43:19] [Server thread/INFO]: [WorldEdit]   
[19:43:19] [Server thread/INFO]: [WorldEdit]  Paper includes Timings v2, which is significantly
[19:43:19] [Server thread/INFO]: [WorldEdit]  better at diagnosing lag problems over v1.
[19:43:19] [Server thread/INFO]: [WorldEdit]   
[19:43:19] [Server thread/INFO]: [WorldEdit]  All of your plugins should still work, and the
[19:43:19] [Server thread/INFO]: [WorldEdit]  Paper community will gladly help you fix any issues.
[19:43:19] [Server thread/INFO]: [WorldEdit]   
[19:43:19] [Server thread/INFO]: [WorldEdit]  Join the Paper Community @ https://papermc.io
[19:43:19] [Server thread/INFO]: [WorldEdit] ====================================================
[19:43:19] [Server thread/INFO]: Preparing level "world"
[19:43:19] [Server thread/INFO]: -------- World Settings For [world] --------
[19:43:19] [Server thread/INFO]: Cactus Growth Modifier: 100%
[19:43:19] [Server thread/INFO]: Cane Growth Modifier: 100%
[19:43:19] [Server thread/INFO]: Melon Growth Modifier: 100%
[19:43:19] [Server thread/INFO]: Mushroom Growth Modifier: 100%
[19:43:19] [Server thread/INFO]: Pumpkin Growth Modifier: 100%
[19:43:19] [Server thread/INFO]: Sapling Growth Modifier: 100%
[19:43:19] [Server thread/INFO]: Beetroot Growth Modifier: 100%
[19:43:19] [Server thread/INFO]: Carrot Growth Modifier: 100%
[19:43:19] [Server thread/INFO]: Potato Growth Modifier: 100%
[19:43:19] [Server thread/INFO]: Wheat Growth Modifier: 100%
[19:43:19] [Server thread/INFO]: NetherWart Growth Modifier: 100%
[19:43:19] [Server thread/INFO]: Vine Growth Modifier: 100%
[19:43:19] [Server thread/INFO]: Cocoa Growth Modifier: 100%
[19:43:19] [Server thread/INFO]: Bamboo Growth Modifier: 100%
[19:43:19] [Server thread/INFO]: SweetBerry Growth Modifier: 100%
[19:43:19] [Server thread/INFO]: Kelp Growth Modifier: 100%
[19:43:19] [Server thread/INFO]: TwistingVines Growth Modifier: 100%
[19:43:19] [Server thread/INFO]: WeepingVines Growth Modifier: 100%
[19:43:19] [Server thread/INFO]: CaveVines Growth Modifier: 100%
[19:43:19] [Server thread/INFO]: Entity Tracking Range: Pl 48 / An 48 / Mo 48 / Mi 32 / Di 128 / Other 64
[19:43:19] [Server thread/INFO]: Entity Activation Range: An 32 / Mo 32 / Ra 48 / Mi 16 / Tiv true / Isa false
[19:43:19] [Server thread/INFO]: Custom Map Seeds:  Village: 10387312 Desert: 14357617 Igloo: 14357618 Jungle: 14357619 Swamp: 14357620 Monument: 10387313 Ocean: 14357621 Shipwreck: 165745295 End City: 10387313 Slime: 987234911 Nether: 30084232 Mansion: 10387319 Fossil: 14357921 Portal: 34222645
[19:43:19] [Server thread/INFO]: Max TNT Explosions: 100
[19:43:19] [Server thread/INFO]: Tile Max Tick Time: 50ms Entity max Tick Time: 50ms
[19:43:19] [Server thread/INFO]: View Distance: 10
[19:43:19] [Server thread/INFO]: Simulation Distance: 10
[19:43:19] [Server thread/INFO]: Item Despawn Rate: 6000
[19:43:19] [Server thread/INFO]: Item Merge Radius: 2.5
[19:43:19] [Server thread/INFO]: Allow Zombie Pigmen to spawn from portal blocks: true
[19:43:19] [Server thread/INFO]: Arrow Despawn Rate: 1200 Trident Respawn Rate:1200
[19:43:19] [Server thread/INFO]: Experience Merge Radius: 3.0
[19:43:19] [Server thread/INFO]: Hopper Transfer: 8 Hopper Check: 1 Hopper Amount: 1 Hopper Can Load Chunks: false
[19:43:19] [Server thread/INFO]: Zombie Aggressive Towards Villager: true
[19:43:19] [Server thread/INFO]: Nerfing mobs spawned from spawners: false
[19:43:19] [Server thread/INFO]: Mob Spawn Range: 6
[19:43:19] [Server thread/INFO]: -------- World Settings For [world_nether] --------
[19:43:19] [Server thread/INFO]: Cactus Growth Modifier: 100%
[19:43:19] [Server thread/INFO]: Cane Growth Modifier: 100%
[19:43:19] [Server thread/INFO]: Melon Growth Modifier: 100%
[19:43:19] [Server thread/INFO]: Mushroom Growth Modifier: 100%
[19:43:19] [Server thread/INFO]: Pumpkin Growth Modifier: 100%
[19:43:19] [Server thread/INFO]: Sapling Growth Modifier: 100%
[19:43:19] [Server thread/INFO]: Beetroot Growth Modifier: 100%
[19:43:19] [Server thread/INFO]: Carrot Growth Modifier: 100%
[19:43:19] [Server thread/INFO]: Potato Growth Modifier: 100%
[19:43:19] [Server thread/INFO]: Wheat Growth Modifier: 100%
[19:43:19] [Server thread/INFO]: NetherWart Growth Modifier: 100%
[19:43:19] [Server thread/INFO]: Vine Growth Modifier: 100%
[19:43:19] [Server thread/INFO]: Cocoa Growth Modifier: 100%
[19:43:19] [Server thread/INFO]: Bamboo Growth Modifier: 100%
[19:43:19] [Server thread/INFO]: SweetBerry Growth Modifier: 100%
[19:43:19] [Server thread/INFO]: Kelp Growth Modifier: 100%
[19:43:19] [Server thread/INFO]: TwistingVines Growth Modifier: 100%
[19:43:19] [Server thread/INFO]: WeepingVines Growth Modifier: 100%
[19:43:19] [Server thread/INFO]: CaveVines Growth Modifier: 100%
[19:43:19] [Server thread/INFO]: Entity Tracking Range: Pl 48 / An 48 / Mo 48 / Mi 32 / Di 128 / Other 64
[19:43:19] [Server thread/INFO]: Entity Activation Range: An 32 / Mo 32 / Ra 48 / Mi 16 / Tiv true / Isa false
[19:43:19] [Server thread/INFO]: Custom Map Seeds:  Village: 10387312 Desert: 14357617 Igloo: 14357618 Jungle: 14357619 Swamp: 14357620 Monument: 10387313 Ocean: 14357621 Shipwreck: 165745295 End City: 10387313 Slime: 987234911 Nether: 30084232 Mansion: 10387319 Fossil: 14357921 Portal: 34222645
[19:43:19] [Server thread/INFO]: Max TNT Explosions: 100
[19:43:19] [Server thread/INFO]: Tile Max Tick Time: 50ms Entity max Tick Time: 50ms
[19:43:19] [Server thread/INFO]: View Distance: 10
[19:43:19] [Server thread/INFO]: Simulation Distance: 10
[19:43:19] [Server thread/INFO]: Item Despawn Rate: 6000
[19:43:19] [Server thread/INFO]: Item Merge Radius: 2.5
[19:43:19] [Server thread/INFO]: Allow Zombie Pigmen to spawn from portal blocks: true
[19:43:19] [Server thread/INFO]: Arrow Despawn Rate: 1200 Trident Respawn Rate:1200
[19:43:19] [Server thread/INFO]: Experience Merge Radius: 3.0
[19:43:19] [Server thread/INFO]: Hopper Transfer: 8 Hopper Check: 1 Hopper Amount: 1 Hopper Can Load Chunks: false
[19:43:19] [Server thread/INFO]: Zombie Aggressive Towards Villager: true
[19:43:19] [Server thread/INFO]: Nerfing mobs spawned from spawners: false
[19:43:19] [Server thread/INFO]: Mob Spawn Range: 6
[19:43:19] [Server thread/INFO]: -------- World Settings For [world_the_end] --------
[19:43:19] [Server thread/INFO]: Cactus Growth Modifier: 100%
[19:43:19] [Server thread/INFO]: Cane Growth Modifier: 100%
[19:43:19] [Server thread/INFO]: Melon Growth Modifier: 100%
[19:43:19] [Server thread/INFO]: Mushroom Growth Modifier: 100%
[19:43:19] [Server thread/INFO]: Pumpkin Growth Modifier: 100%
[19:43:19] [Server thread/INFO]: Sapling Growth Modifier: 100%
[19:43:19] [Server thread/INFO]: Beetroot Growth Modifier: 100%
[19:43:19] [Server thread/INFO]: Carrot Growth Modifier: 100%
[19:43:19] [Server thread/INFO]: Potato Growth Modifier: 100%
[19:43:19] [Server thread/INFO]: Wheat Growth Modifier: 100%
[19:43:19] [Server thread/INFO]: NetherWart Growth Modifier: 100%
[19:43:19] [Server thread/INFO]: Vine Growth Modifier: 100%
[19:43:19] [Server thread/INFO]: Cocoa Growth Modifier: 100%
[19:43:19] [Server thread/INFO]: Bamboo Growth Modifier: 100%
[19:43:19] [Server thread/INFO]: SweetBerry Growth Modifier: 100%
[19:43:19] [Server thread/INFO]: Kelp Growth Modifier: 100%
[19:43:19] [Server thread/INFO]: TwistingVines Growth Modifier: 100%
[19:43:19] [Server thread/INFO]: WeepingVines Growth Modifier: 100%
[19:43:19] [Server thread/INFO]: CaveVines Growth Modifier: 100%
[19:43:19] [Server thread/INFO]: Entity Tracking Range: Pl 48 / An 48 / Mo 48 / Mi 32 / Di 128 / Other 64
[19:43:19] [Server thread/INFO]: Entity Activation Range: An 32 / Mo 32 / Ra 48 / Mi 16 / Tiv true / Isa false
[19:43:19] [Server thread/INFO]: Custom Map Seeds:  Village: 10387312 Desert: 14357617 Igloo: 14357618 Jungle: 14357619 Swamp: 14357620 Monument: 10387313 Ocean: 14357621 Shipwreck: 165745295 End City: 10387313 Slime: 987234911 Nether: 30084232 Mansion: 10387319 Fossil: 14357921 Portal: 34222645
[19:43:19] [Server thread/INFO]: Max TNT Explosions: 100
[19:43:19] [Server thread/INFO]: Tile Max Tick Time: 50ms Entity max Tick Time: 50ms
[19:43:19] [Server thread/INFO]: View Distance: 10
[19:43:19] [Server thread/INFO]: Simulation Distance: 10
[19:43:19] [Server thread/INFO]: Item Despawn Rate: 6000
[19:43:19] [Server thread/INFO]: Item Merge Radius: 2.5
[19:43:19] [Server thread/INFO]: Allow Zombie Pigmen to spawn from portal blocks: true
[19:43:19] [Server thread/INFO]: Arrow Despawn Rate: 1200 Trident Respawn Rate:1200
[19:43:19] [Server thread/INFO]: Experience Merge Radius: 3.0
[19:43:19] [Server thread/INFO]: Hopper Transfer: 8 Hopper Check: 1 Hopper Amount: 1 Hopper Can Load Chunks: false
[19:43:19] [Server thread/INFO]: Zombie Aggressive Towards Villager: true
[19:43:19] [Server thread/INFO]: Nerfing mobs spawned from spawners: false
[19:43:19] [Server thread/INFO]: Mob Spawn Range: 6
[19:43:19] [Server thread/INFO]: Preparing start region for dimension minecraft:overworld
[19:43:20] [Worker-Main-1/INFO]: Preparing spawn area: 0%
[19:43:20] [Worker-Main-1/INFO]: Preparing spawn area: 0%
[19:43:20] [Worker-Main-1/INFO]: Preparing spawn area: 0%
[19:43:21] [Server thread/INFO]: Time elapsed: 1331 ms
[19:43:21] [Server thread/INFO]: Preparing start region for dimension minecraft:the_nether
[19:43:21] [Worker-Main-7/INFO]: Preparing spawn area: 0%
[19:43:21] [Server thread/INFO]: Time elapsed: 101 ms
[19:43:21] [Server thread/INFO]: Preparing start region for dimension minecraft:the_end
[19:43:21] [Worker-Main-7/INFO]: Preparing spawn area: 0%
[19:43:21] [Server thread/INFO]: Time elapsed: 99 ms
[19:43:21] [Server thread/INFO]: Server permissions file permissions.yml is empty, ignoring it
[19:43:21] [Server thread/INFO]: Done (2.380s)! For help, type "help"
[19:44:21] [Server thread/INFO]: Server empty for 60 seconds, pausing
[19:46:11] [User Authenticator #1/INFO]: UUID of player W11G is 950d19ae-0996-4de2-84b4-324202e9608d
[19:46:12] [Server thread/INFO]: W11G joined the game
[19:46:12] [Server thread/INFO]: W11G[/127.0.0.1:50651] logged in with entity id 5 at ([world]-682.4223528703859, 207.0, 541.5071209386632)
[19:46:37] [Server thread/INFO]: W11G issued server command: /tp ~ ~ 200
[19:46:37] [Server thread/INFO]: [W11G: Teleported W11G to -681.844896, 214.396234, 200.500000]
[19:46:43] [Server thread/INFO]: W11G issued server command: /tp ~ ~ 0
[19:46:43] [Server thread/INFO]: [W11G: Teleported W11G to -681.844896, 214.396234, 0.500000]
[19:47:24] [Server thread/INFO]: W11G issued server command: /attribute W11G minecraft:movement_speed base set 5
[19:47:30] [Server thread/WARN]: W11G moved too quickly! 0.026895416829688656,0.0,10.269163263011876
[19:47:31] [Server thread/WARN]: W11G moved too quickly! 0.0,0.0,10.23293147576868
[19:47:31] [Server thread/WARN]: W11G moved too quickly! 0.011620512913509629,0.0,10.232898994299234
[19:47:32] [Server thread/WARN]: W11G moved too quickly! 0.01569712213756702,0.0,10.232889648606545
[19:47:32] [Server thread/WARN]: W11G moved too quickly! 0.01569712213756702,0.0,10.23288964860653
[19:47:33] [Server thread/WARN]: W11G moved too quickly! 0.01569712213756702,0.0,10.23288964860653
[19:47:33] [Server thread/WARN]: W11G moved too quickly! 0.01569712213756702,0.0,10.23288964860653
[19:47:34] [Server thread/WARN]: W11G moved too quickly! 0.0,0.0,10.23293466509445
[19:47:34] [Server thread/WARN]: W11G moved too quickly! 0.0,0.0,10.232937833125874
[19:47:35] [Server thread/WARN]: W11G moved too quickly! 0.0,0.0,10.232937833125874
[19:47:35] [Server thread/WARN]: W11G moved too quickly! 0.0,0.0,10.232937833125874
[19:47:36] [Server thread/WARN]: W11G moved too quickly! 0.0,0.0,10.232937833125874
[19:47:36] [Server thread/WARN]: W11G moved too quickly! 0.0,0.0,10.232937833125874
[19:47:37] [Server thread/WARN]: W11G moved too quickly! 0.0,0.0,10.232937833125874
[19:47:37] [Server thread/WARN]: W11G moved too quickly! 0.0,0.0,10.232937833125874
[19:47:38] [Server thread/WARN]: W11G moved too quickly! -0.011620512913509629,0.0,10.23292880254482
[19:47:38] [Server thread/WARN]: W11G moved too quickly! -0.01569712213756702,0.0,10.232925634513379
[19:47:39] [Server thread/WARN]: W11G moved too quickly! -0.01569712213756702,0.0,10.232925634513379
[19:47:39] [Server thread/WARN]: W11G moved too quickly! -0.01569712213756702,0.0,10.232925634513379
[19:47:40] [Server thread/WARN]: W11G moved too quickly! -0.030679940753543633,0.0,20.00019809049735
[19:47:43] [Server thread/WARN]: W11G moved too quickly! 0.23627110220866143,0.0,10.283075559196845
[19:47:44] [Server thread/WARN]: W11G moved too quickly! 0.04460307715498857,0.0,10.232562999654931
[19:47:51] [Server thread/WARN]: W11G moved too quickly! -0.1664570984596594,0.0,10.295290144938463
[19:47:51] [Server thread/WARN]: W11G moved too quickly! -0.021789111095131375,0.0,10.232869650040698
[19:47:52] [Server thread/WARN]: W11G moved too quickly! 0.12008516684011283,0.0,10.232000042151412
[19:47:52] [Server thread/WARN]: W11G moved too quickly! -0.0036726595790241845,0.0,10.232883824398186
[19:47:53] [Server thread/WARN]: W11G moved too quickly! -0.01569712213756702,0.0,10.232925634513435
[19:47:53] [Server thread/WARN]: W11G moved too quickly! -0.00818061991446939,0.0,10.232931475768737
[19:47:54] [Server thread/WARN]: W11G moved too quickly! -0.01569712213756702,0.0,10.232925634513435
[19:47:54] [Server thread/WARN]: W11G moved too quickly! 0.12447204200259421,0.0,10.23180564784343
[19:47:55] [Server thread/WARN]: W11G moved too quickly! 0.11054173449440441,0.0,10.232147137724724
[19:47:55] [Server thread/WARN]: W11G moved too quickly! 0.1339566137615975,0.0,12.527124144943173
[19:48:04] [Server thread/INFO]: W11G issued server command: /attribute W11G minecraft:movement_speed base set 2
[19:49:37] [Server thread/INFO]: W11G issued server command: /attribute W11G speed
[19:49:50] [Server thread/INFO]: W11G issued server command: /attribute W11G minecraft:block_break_speed base set 5
[19:49:57] [Server thread/INFO]: W11G issued server command: /gamemode survival
[19:49:57] [Server thread/INFO]: [W11G: Set own game mode to Survival Mode]
[19:50:01] [Server thread/INFO]: W11G issued server command: /attribute W11G minecraft:block_break_speed base set 10
[19:50:10] [Server thread/INFO]: W11G issued server command: /attribute W11G minecraft:block_break_speed base set 100
[19:50:15] [Server thread/INFO]: W11G issued server command: /attribute W11G minecraft:block_break_speed base set 1000
[19:50:35] [Server thread/INFO]: W11G issued server command: /attribute W11G minecraft:block_break_speed base set 10000
[19:51:07] [Server thread/INFO]: W11G issued server command: /attribute W11G minecraft:submerged_mining_speed base set 10000
[19:51:23] [Server thread/WARN]: W11G moved wrongly!
[19:51:24] [Server thread/WARN]: W11G moved wrongly!
[19:52:04] [Server thread/INFO]: W11G issued server command: /gamemode creative
[19:52:04] [Server thread/INFO]: [W11G: Set own game mode to Creative Mode]
[19:52:08] [Server thread/INFO]: W11G issued server command: /tp 0 300 0
[19:52:08] [Server thread/INFO]: [W11G: Teleported W11G to 0.500000, 300.000000, 0.500000]
[19:52:18] [Server thread/INFO]: W11G issued server command: /tp 0 300 -200
[19:52:18] [Server thread/INFO]: [W11G: Teleported W11G to 0.500000, 300.000000, -199.500000]
[19:52:44] [Server thread/INFO]: W11G issued server command: /tp 100 300 -200
[19:52:44] [Server thread/INFO]: [W11G: Teleported W11G to 100.500000, 300.000000, -199.500000]
[19:52:47] [Server thread/INFO]: W11G issued server command: /tp 600 300 -200
[19:52:47] [Server thread/INFO]: [W11G: Teleported W11G to 600.500000, 300.000000, -199.500000]
[19:52:51] [Server thread/INFO]: W11G issued server command: /tp 600 200 -200
[19:52:51] [Server thread/INFO]: [W11G: Teleported W11G to 600.500000, 200.000000, -199.500000]
[19:52:55] [Server thread/INFO]: W11G issued server command: /tp 600 150 -200
[19:52:55] [Server thread/INFO]: [W11G: Teleported W11G to 600.500000, 150.000000, -199.500000]
[19:52:59] [Server thread/INFO]: W11G issued server command: /tp -600 150 -200
[19:52:59] [Server thread/INFO]: [W11G: Teleported W11G to -599.500000, 150.000000, -199.500000]
[19:53:59] [Server thread/INFO]: W11G lost connection: Disconnected
[19:53:59] [Server thread/INFO]: W11G left the game
[19:54:59] [Server thread/INFO]: Server empty for 60 seconds, pausing
